1 5.513342875599861 2.5916147626638413
2 3.3528828521370886 1.9793777908086776
3 3.007556876808405 1.1254837372303008
4 2.9862695182561874 1.297799751162529
5 2.080950242727995 1.0320875364542008
6 2.252608340471983 1.024570053100586
7 2.0584456022381783 1.052327738404274
8 1.8572283194065093 1.1641171816587448
9 1.7648606659770012 1.0949126853942872
10 1.9023249252140522 1.9349398933649062
11 1.967708990007639 1.2218350245952607
12 1.9999197044074535 1.6598275505304336
13 1.943928897291422 2.1161600625514985
14 1.980549071341753 1.7856519404649736
15 1.8775349726378918 1.4337011227607728
16 1.9860597538352012 2.3242546057701112
17 1.783139646232128 1.4985581389665603
18 1.9643707239329815 1.0302462179660796
19 1.8880261909663678 2.7288147242069245
20 1.8881793841123582 1.9485881626605988
21 1.9996734421551228 1.4055854752063752
22 2.009961832910776 1.0283468124866486
23 1.879889313787222 2.2741316348314284
24 1.8482977706231176 0.8180512619316578
25 1.5761364575512706 0.6922867045104504
26 1.1866203290671111 3.7175639688670636
27 1.304678330618888 1.304005553752184
28 1.23616383587569 1.6635460655987262
29 1.2284579349942506 0.7144122804105282
30 1.2531148803047836 0.36554106964170935
31 1.2907298235390334 0.9659325051903724
32 1.1943321229331196 1.0568982101082802
33 1.1794075010046363 0.7837915279716253
34 1.223221773467958 11.902886293172836
35 1.5047204317823053 1.1981865017414093
36 1.6628818618301302 0.5920978076905012
37 1.261206196764484 1.0097839668616653
38 1.2623691945672035 2.1039589311778544
39 1.1509984726049005 0.4162040230259299
40 1.3399537090659142 0.6268882698565722
41 1.296515671800822 1.9874959254264832
42 1.1451740994416177 2.8678853439688683
43 1.287670857353136 0.4835387279242277
44 1.0706272526662797 0.9137016987204551
45 1.3139211910609156 0.31434869760274886
46 1.2690122770592571 0.5780765007734299
47 1.2651480843611063 0.622023962944746
48 1.2581396359354258 1.3841259307563305
49 1.0839399774670602 0.44656679531931875
50 1.2693657642416656 0.2589849665313959
51 0.6971483837179839 0.4167717825323343
52 0.7040928885992617 0.8563141447007656
53 0.6674422242213041 0.3538245602101088
54 0.691002931566909 1.0209612296819688
55 0.6690151144433767 0.6236712429523468
56 0.6981291583795101 0.3570186670050025
57 0.6880190571751446 0.3220258854776621
58 0.7133958825618029 2.5771300109922888
59 0.7104388117603958 0.4439764139056206
60 0.6739690933562815 2.5006357111036777
61 0.8030047644879669 0.8640511087477207
62 0.7020820760391653 0.2735506359040737
63 0.7446365572027862 0.29920628406852484
64 0.6943975718338042 0.3628674089685082
65 0.7013309685662389 0.27715705597400664
66 0.7353951667379588 0.6511292797625065
67 0.749304153714329 1.3098423528969287
68 0.6986273002866655 0.4045856864750385
69 0.6769762613847852 0.6791764581799508
70 0.6814601681549102 0.3819499201625586
71 0.6611957033965736 0.41824405317008495
72 0.6558491333387793 1.1986740686297417
73 0.5869680515732616 0.23558418215066196
74 0.7445499000083655 0.40045566476881506
75 0.7288518593758344 0.40986635376513003
76 0.6807137217391283 0.3496850783824921
77 0.6640792208649218 0.2390692729949951
78 0.7110315291043371 0.5452088461369275
79 0.7524867104943842 0.2836680852249265
80 0.6054011010862886 0.27096758979558944
81 0.6110700939632953 0.6893513012230397
82 0.6550663912035525 0.3574618066251278
83 0.6386020964104682 0.25928293000161645
84 0.6984365369658917 3.4819939571321012
85 0.6551560986936092 0.23306758926808835
86 0.6752754708547145 0.2792848215326667
87 0.6475583609249442 10.636969319820404
88 0.6875466297846288 1.7256794328391551
89 0.6645661695376038 0.2807313952371478
90 0.6513046325650066 0.9309852145165205
91 0.6820576646495611 0.9006483844816685
92 0.7081425676848739 0.30929840555787086
93 0.6600694144070148 3.0826412174105644
94 0.6676183651313186 0.26427412033081055
95 0.7753468465935439 0.29358740489929913
96 0.6925518047641963 0.31329029854387047
97 0.6484273928310722 0.2537379887849093
98 0.7290223041959107 0.2800231195539236
99 0.6646489454377442 0.5959992986172438
100 0.7384136093463749 0.950642491221428
101 0.45144633305259046 0.31310821233689784
102 0.4630468079019338 0.491626071870327
103 0.464359521092847 0.7309344312548638
104 0.4397622978780419 0.22953375324606895
105 0.4345696661286056 0.37757004860043525
106 0.4603186378367245 0.2365264325812459
107 0.45883260780759155 0.6131902434676886
108 0.4586199649721384 0.22785950865596533
109 0.42062867143005134 0.2308199136555195
110 0.400642326105386 0.2652415153235197
111 0.4292996866852045 0.5257812843620777
112 0.44972282215766607 0.436371529981494
113 0.4191785411760211 0.24641066870093345
114 0.4220037689395249 0.2326745173484087
115 0.47169337325543165 0.2894650808572769
116 0.43691311856545506 0.42535200414061547
117 0.4438676796592772 0.2335551197975874
118 0.40405879631452263 0.23106911904364824
119 0.4378114813938737 0.24601230638474225
120 0.44650942796841264 0.3926344973146915
121 0.3998364470861852 0.24955055968463422
122 0.43374876464903356 0.35149012798070906
123 0.4481200258340687 0.22956338562071324
124 0.43391505718789997 0.2243103228211403
125 0.44644728881306944 0.37315707725286484
126 0.41728731264173985 0.24209683632850648
127 0.4491297870799899 0.5759954486936331
128 0.434779816551134 0.24153546027839184
129 0.36335943489521744 0.2392052786052227
130 0.4318546930607408 0.23067440018802882
131 0.38512116882391273 0.22902224168926477
132 0.45309180981293323 0.21908425934612752
133 0.41511895321123304 0.6875632904320955
134 0.4432069455310702 0.4622428654432297
135 0.4333412515874952 0.5687215443253517
136 0.41354824940115215 0.28763420845568183
137 0.4257595789693296 0.5359997974038124
138 0.38561251645162703 0.40694694716483354
139 0.3934528015106916 0.22100377546995878
140 0.42989908522740006 0.29181286121159794
141 0.42289635895378885 0.321250730112195
142 0.3696986575182527 0.23952449867129325
143 0.40667219207435845 0.3574747442752123
144 0.41869560568593445 0.7080270388871431
145 0.3893301618658006 0.2764443863704801
146 0.3941711876578629 0.31372293035686016
147 0.42053425814956424 0.23921426666527987
148 0.4083417520709336 0.42001433040201663
149 0.39174140606634317 0.24641582857817412
150 0.4076560813225806 0.3242152088955045
151 0.2787196420077235 0.2373156635686755
152 0.2927980255242437 0.21665086912363768
153 0.28322861653752623 0.23717819922417402
154 0.2954544813670218 0.23748554051667453
155 0.28609614858403803 0.20241767581552267
156 0.2938132577296346 0.20534971705079078
157 0.28235000908747315 0.7639420504868031
158 0.30075109510868786 0.24346886170655488
159 0.2670016952846199 0.3795860535427928
160 0.29823597119003536 0.2961730567663908
161 0.27134102122858167 0.20849329371750355
162 0.28044354818947614 0.6316186066120862
163 0.2855011251475662 0.19964990147203207
164 0.2938836562260985 0.19881646659970284
165 0.2977414524164051 0.205414722956717
166 0.2754090014938265 0.20417853745818138
167 0.2867049494497478 0.40022724655270575
168 0.2708428295813501 0.6847724179774523
169 0.2896007884144783 0.29354743329435584
170 0.29764856382086874 0.5403417573571205
171 0.2764155560862273 0.21071819062530994
172 0.3040522472932935 0.20172114862501622
173 0.2594499550461769 0.20649477942287922
174 0.2923848677240312 0.2578582091033459
175 0.2690224176663905 0.2467247916162014
176 0.25184484939090906 0.19277424868941306
177 0.27160600027628246 0.20817985917627813
178 0.26908231965079904 0.24670143067091704
179 0.2992620380651206 0.372045143596828
180 0.26687742676213383 0.19224677136540413
181 0.2699708916842937 0.19311125181615352
182 0.2868726779539138 0.21781746887415648
183 0.2804941170923412 0.20851914250850678
184 0.3037376680523157 0.19413157982379198
185 0.29883137318491937 0.24203566351532937
186 0.30047311351262035 0.9147534065544606
187 0.28024456729739905 0.19049404495209454
188 0.27650014841556547 0.28066360431164505
189 0.2877839586418122 0.19656694539636374
190 0.2705683799888939 0.21846413891762495
191 0.2687586853001267 0.2456465711519122
192 0.266250614952296 1.0061599025428296
193 0.2839194027595222 0.2741499994173646
194 0.2822190338280052 0.26517095968872306
195 0.2623047817703337 0.23228125866502525
196 0.27667393659241496 0.23311920624226332
197 0.2625944930389523 0.36835217630118133
198 0.2810733350478113 0.484862952798605
199 0.2819972312375903 0.4078250611871481
200 0.24371236759424209 0.19854665289074183
201 0.20184343999996782 0.19916376712173223
202 0.20741322573274373 0.18378777760267256
203 0.20861954201944172 0.19225824267417194
204 0.21069176808185874 0.18405545759946107
205 0.2171384841129184 0.20844318258017303
206 0.21625278046168386 0.20677229452133178
207 0.20666257112659514 0.18200809703022242
208 0.2083095005005598 0.18320963402092458
209 0.20979585720971228 0.183153612986207
210 0.21935583958216012 0.18757558275014163
211 0.2073380133882165 0.18499478836357594
212 0.2017650449257344 0.18681715999543666
213 0.2139892432000488 0.18165630188584328
214 0.22203622540459036 0.18561111744493247
215 0.20853673526085914 0.18223058523237706
216 0.21419063285924494 1.0433694449365138
217 0.21044385659508408 0.18119258831441404
218 0.20752395486831665 0.19171902848035097
219 0.19915486169978977 0.30429945239424705
220 0.21447326751053333 0.1818287417292595
221 0.21851688328571617 0.18541289630532265
222 0.2256304753329605 0.18284368830174208
223 0.2111818211283535 0.205391525067389
224 0.2092204451225698 0.1807788284495473
225 0.2102026367522776 0.36608111153542994
226 0.21491850269585847 0.17963825884461404
227 0.2034951802585274 0.18493695194274187
228 0.2061022707093507 0.1838880054280162
229 0.2165596880428493 0.18251506613194943
230 0.21291133383102714 0.1840203740298748
231 0.2008158599510789 0.20118408498167992
232 0.20655897244811058 0.17918711125850678
233 0.20366744675673545 0.18534128195047378
234 0.20620246580801904 0.1812412229180336
235 0.21443952622637152 0.1810894645601511
236 0.2078339233584702 0.17982045224308968
237 0.209718623643741 0.18778426963090897
238 0.20858609339781106 0.18810123620182276
239 0.2194395593032241 0.18740906430780888
240 0.21639839293807744 0.21106002900749446
241 0.1963622565884143 0.18054646358639
242 0.210126070946455 0.17880538725852965
243 0.20130950895138086 0.18022721856832505
244 0.2028422184959054 0.1829796614944935
245 0.206888737577945 0.21038511416316033
246 0.20308675518259406 0.21674088706821204
247 0.19743491391651333 0.19385416862368585
248 0.2119541072566062 0.18942265056818725
249 0.2121885719243437 0.179564941637218
250 0.20181832476705314 0.18352714075893165
251 0.17856257250905036 0.34737903417646887
252 0.18190924170054495 0.17636106675118207
253 0.1794356760457158 0.17457110480964183
254 0.17657385543361306 0.1882737467736006
255 0.18025361137464643 0.18083265977352858
256 0.17856671672314406 0.1751402928456664
257 0.1824281950313598 0.17704194736480713
258 0.17876830624602735 0.17387420415133237
259 0.1784115142710507 0.19815771728754045
260 0.18124718602746726 0.230348197825253
261 0.181358683899045 0.185758621096611
262 0.1800821753628552 0.1750343609750271
263 0.17728848508000375 0.17678527918457984
264 0.17663252097927035 0.1821346409097314
265 0.1819418758749962 0.17683362504094838
266 0.1769395323637873 0.17625700118392706
267 0.1804982768613845 0.18200580267608166
268 0.17900809539854526 0.17502755365520717
269 0.18086420072056353 0.17523104444891213
270 0.17268331713043153 0.1745756340995431
271 0.17587119963765144 0.17477316927164793
272 0.17200284047052264 0.1792235057502985
273 0.17505113544128836 0.17449684792757034
274 0.1722879605703056 0.17368617809563874
275 0.1819208673145622 0.17462751237303017
276 0.17665366752818226 0.17449524453282356
277 0.1797816544827074 0.17728786027431487
278 0.17844459302164614 0.22928011084347963
279 0.17972910107672216 0.19713376074284314
280 0.18027910855785012 0.175371287047863
281 0.17828957314789295 0.18446265071630477
282 0.18175812824070453 0.17420265648514033
283 0.1753029194008559 0.17359581911563873
284 0.17651701261475683 0.17353299912810324
285 0.17645264748297632 0.18474461747705936
286 0.17761996102519334 0.1786356558650732
287 0.17669829808548093 0.20003512926399708
288 0.17471510034427046 0.1730431598201394
289 0.17858373719640075 0.17297878598421812
290 0.17127630800008775 0.4390328306630254
291 0.17603018282540142 0.1869078513085842
292 0.1759211219344288 0.18528628167510033
293 0.17066428052075208 0.17348643152415752
294 0.17650958144012838 0.1943661582171917
295 0.17235369169898332 0.20731790164858102
296 0.17876847613975405 0.1742495121061802
297 0.17549262832291423 0.18649386617541314
298 0.17412303928658365 0.17342970904707908
299 0.17465244143269956 0.17266253766417503
300 0.17159348941594363 0.17621167089790105
301 0.16317767903208732 0.18771097798645497
302 0.16286688713543118 0.1741298663318157
303 0.16405972907319666 0.1707004568502307
304 0.165340469179675 0.17129665047675371
305 0.16248484453372658 0.17045199231058358
306 0.16460618195589632 0.1708730790093541
307 0.16166444706730546 0.17094712824374436
308 0.1645702519994229 0.1708008291721344
309 0.16110062191821634 0.17243651142716407
310 0.1635698486827314 0.17204252538084983
311 0.164134213084355 0.17089845640957355
312 0.16384545635804534 0.17137193413823842
313 0.16150892135314643 0.17193935485184192
314 0.16405809265561402 0.17179709001630544
315 0.16242073378525673 0.17034857796132566
316 0.16406521968916057 0.17090288612246513
317 0.16213790253922344 0.170574119605124
318 0.16496273747459053 0.1707620732486248
319 0.16160972139053048 0.17108054970949887
320 0.16644085129536687 0.1707020628526807
321 0.15962702320702374 0.19203799115121364
322 0.16332589802891015 0.16994973867386579
323 0.16126885359734297 0.17037870202958583
324 0.16130518756620585 0.17313318546116352
325 0.16335190053284168 0.1710954257696867
326 0.16168700033612549 0.17050393971800804
327 0.16527130419947206 0.17508645123243333
328 0.1590982622373849 0.1708626817688346
329 0.16348680973798035 0.17086162750422954
330 0.15937799989432097 0.17081448771804572
331 0.15963260750379413 0.17221516159176825
332 0.16486839047446847 0.17117276553809643
333 0.16086331834457815 0.173509858250618
334 0.16082439673878252 0.1715736433416605
335 0.16125550513528286 0.1696655656993389
336 0.15910145718976856 0.1696542661115527
337 0.16254844143986702 0.1698234302327037
338 0.16333912985399365 0.1695877982825041
339 0.16011184243671597 0.17533483944833278
340 0.16335749061405658 0.1717244056686759
341 0.16151897094771267 0.17066327440738677
342 0.16132800632715225 0.16984675621241332
343 0.162412760021165 0.17212395012378692
344 0.16069841410033406 0.16971600444614887
345 0.1631594061870128 0.1765788487419486
346 0.16177228767052293 0.1687943608611822
347 0.16158097992837428 0.16985771706700326
348 0.1618053908329457 0.16992105419933795
349 0.15931129811890424 0.1709682196006179
350 0.16300914377626033 0.17097712406516075
351 0.15528376958705484 0.17190823370963335
352 0.15670488539710642 0.16899497151374818
353 0.1555992630161345 0.16899462512880564
354 0.15662129951547832 0.16903859780728817
355 0.1566996273305267 0.16869605945795774
356 0.15548269889503719 0.1693173055946827
357 0.15555243865586818 0.19994659332931042
358 0.1557316821012646 0.16921056374162435
359 0.15740111831575632 0.1690280440300703
360 0.1568670840151608 0.168919587649405
361 0.15653395921736957 0.16916665164381264
362 0.15576460548862814 0.16867311737686397
363 0.1562415149770677 0.1727956972643733
364 0.15590273841843008 0.16860063488036395
365 0.15577291357517242 0.17157721120119096
366 0.15748479666374623 0.17134340785443783
367 0.1543742472138256 0.16878902917355298
368 0.1567329062242061 0.16930548487603664
369 0.15536477594077588 0.17051524120569228
370 0.1545502453390509 0.16835174798220395
371 0.15471625258028507 0.16930160788446666
372 0.15477452591620386 0.1686971522793174
373 0.15576323556900024 0.16866235445439814
374 0.15488983426056802 0.16878712778538466
375 0.15500947134010493 0.16877377136051655
376 0.1565567833967507 0.16915328884869815
377 0.15435337434895335 0.16874681024998425
378 0.15568492461554706 0.16932750581949949
379 0.15667458196170628 0.1681430078446865
380 0.15432196786627173 0.1693598398938775
381 0.15598638912849128 0.1682189191505313
382 0.15483609394170345 0.16870630493760108
383 0.15456540312245487 0.20242763472348452
384 0.1553337173629552 0.16821168928593397
385 0.15644833796471358 0.16857084219902754
386 0.15430938601493835 0.16831866259127856
387 0.15513193529099226 0.16852734748274087
388 0.1546861620824784 0.1688517741635442
389 0.15597264528088273 0.16809143760055303
390 0.1555541505366564 0.17703909680992364
391 0.15462562124058604 0.17350996862351895
392 0.15503062633797526 0.1688494859263301
393 0.154830078182742 0.16908650320395827
394 0.15521277000568806 0.19159507372230292
395 0.15425678914412855 0.168465710490942
396 0.15648606450669467 0.16816270954161883
397 0.1536367590557784 0.16973448080569506
398 0.1547883368898183 0.17015991178900003
399 0.1556789331305772 0.16839358577132224
400 0.1562739366889 0.168485839150846
401 0.1523963074516505 0.16797344430536032
402 0.1525030429903418 0.16777386986464263
403 0.15308999222889544 0.16794536966830492
404 0.15276295858062805 0.16805623430013655
405 0.15262360355071725 0.16780280465632677
406 0.1525488095674664 0.16773913615942002
407 0.15300938577950002 0.16777128008008002
408 0.1520644742976874 0.16774733904749156
409 0.15294573312439025 0.1692167473882437
410 0.1523605351690203 0.1679881260022521
411 0.15233614620938898 0.16792615623772145
412 0.1531239908989519 0.167663924343884
413 0.15202432577125727 0.16762616058439017
414 0.15232069800235332 0.17053912506252528
415 0.15288258449733258 0.167725286886096
416 0.15222238309308886 0.2667045660689473
417 0.15247202711086721 0.168111154563725
418 0.15218638118170202 0.1679036058858037
419 0.15273174423910676 0.1677656180858612
420 0.15289063742756845 0.16798626071959735
421 0.15237079922854901 0.16781960835307835
422 0.1522386224474758 0.1676869839951396
423 0.15237394766509532 0.16786388447880746
424 0.15206043836288155 0.16806564796715975
425 0.15321484926529227 0.16793022989481687
426 0.15176887841708958 0.16786097361892463
427 0.15300958814658225 0.16770765295624732
428 0.15217195341177284 0.16796170553565026
429 0.1518564692456275 0.1676061309799552
430 0.15225252717733384 0.16776974992454052
431 0.15267378550954164 0.16783794224262238
432 0.1527363002859056 0.1677442019879818
433 0.15167186930030585 0.16785835512727498
434 0.15273359977267684 0.16771735467016696
435 0.1521490339972079 0.1678166121914983
436 0.15273396839760245 0.16763604010641575
437 0.151927536200732 0.16760164633393287
438 0.15247665155492723 0.16755836672335864
439 0.15177557675912975 0.16757808455824852
440 0.1523112075906247 0.16760305525362493
441 0.15187208435498178 0.16781568156182766
442 0.15263850514777005 0.16888867776095867
443 0.15146019049361348 0.1676154057532549
444 0.1522222409863025 0.16780222441256046
445 0.15159061458148063 0.1677405253574252
446 0.15227521282434464 0.1674263073205948
447 0.1517502372469753 0.16775552926957607
448 0.15177810209803283 0.16768392706662416
449 0.1517727863639593 0.17475016537308694
450 0.15167060500197113 0.16746448516845702
451 0.15104598402418196 0.16743269796669483
452 0.1512798341047019 0.16740073308348655
453 0.15126242743991317 0.16739461296796798
454 0.15121432446688413 0.16737502773851157
455 0.15113677055109292 0.16752912429720163
456 0.15120277619175612 0.17536474661529064
457 0.15078261501528323 0.16750887164473532
458 0.1512393491137773 0.1673956545740366
459 0.15075356147345156 0.16740707428753376
460 0.15122751433774828 0.1675138470083475
461 0.1511098082754761 0.1673134680762887
462 0.15118993234541267 0.16741641714423894
463 0.1510173143800348 0.16757531743496656
464 0.150935508960858 0.16758986452966929
465 0.15085892566479742 0.16732569106668232
466 0.15089620030857623 0.16739447589218617
467 0.15123305104114115 0.16739527458697556
468 0.15084098821878433 0.16744424348324538
469 0.1509344366658479 0.1674511773735285
470 0.15088534243591128 0.1676944432631135
471 0.15145277705602347 0.16733573583513497
472 0.15090749866329134 0.16735246796160935
473 0.15092127176001668 0.1674768130928278
474 0.1509593195002526 0.16724881379306317
475 0.1510771550424397 0.16731504003703596
476 0.15117690604180098 0.1673985550031066
477 0.1505384122505784 0.1675487937927246
478 0.15075607689842582 0.16742760679125787
479 0.150741210417822 0.16730658450722694
480 0.15077264721877873 0.1674028740823269
481 0.15073584773018955 0.1674892170801759
482 0.1510977337565273 0.16732146867364645
483 0.15092040877602994 0.16736352138221264
484 0.15062240784056485 0.16753473123162985
485 0.15093642034940422 0.16904599203169346
486 0.1513693706523627 0.16747224063426255
487 0.15078574106283485 0.16721465890109538
488 0.1507303446866572 0.16736986903846263
489 0.15096258660405873 0.16743239707499744
490 0.1507646205238998 0.16729885271191597
491 0.15075313479080796 0.16747049325704574
492 0.150780028661713 0.16735138549655676
493 0.15101984748989344 0.16747255525738
494 0.15101432373747228 0.16737367574125528
495 0.15064645119197667 0.16720482938736678
496 0.15046905213966966 0.16720380170643329
497 0.15071108233183622 0.16739219592511653
498 0.15080603843647986 0.16734329111129045
499 0.1510623388532549 0.16745267409086229
500 0.15057458989135922 0.1673842084184289
