1 1.893539108902216 1.69726438164711
2 1.341528779298067 0.8374865986704826
3 1.1463651125133039 2.0197321726083755
4 1.0356623515933752 0.8269542648196221
5 0.974575021982193 0.7092720876932144
6 0.9172154318988324 0.797859916806221
7 0.8922979146689176 1.5149356380701064
8 0.8745718732923269 0.7936709218025207
9 0.8161843043416739 1.3920454757213592
10 0.7954387054592371 0.7058299117088318
11 0.7918988106399775 0.8573454269766807
12 0.7728384700715542 0.6569678557515144
13 0.7496101821511983 0.6563066826462746
14 0.7501934468448163 0.6450355002880096
15 0.7190175264775753 0.6849639918208122
16 0.7231527203768492 0.7279883080720901
17 0.7104329628050328 0.6191379150748253
18 0.7026216160804033 0.6742482398152352
19 0.6907724710255861 0.6253469459414482
20 0.673417935475707 0.6388078269958496
21 0.6787512699812651 0.6051148697137833
22 0.6675065112560987 0.5919025577306748
23 0.6532345050275326 0.5909277287721634
24 0.6486152228564024 0.5821749818921089
25 0.6427502763941884 0.7704558370113372
26 0.633270322188735 0.5837306800484657
27 0.6221350802183151 0.6397764546275139
28 0.6200472188740969 0.7181957759261132
29 0.620453012317419 0.5945600999593734
30 0.6178547281175851 0.6610149306058883
31 0.6055192591398955 0.6086832383275032
32 0.6108080981671811 0.5784815192818642
33 0.6073301408439875 0.561775037765503
34 0.5957763653025031 0.620208446919918
35 0.6048454967290163 0.5570989501476288
36 0.59594659999758 0.5670590786337852
37 0.5944456406012177 0.5561409249305725
38 0.59408123601228 0.6211356831789017
39 0.5882343856692314 0.5564860796928406
40 0.5817783608287573 0.5819254784584046
41 0.5860558290034532 0.5740489388108253
42 0.5814374015852809 0.6398488368988037
43 0.5899204953238368 0.6597709114551544
44 0.5755703658908605 0.6860619285702705
45 0.5775601492077113 0.5669970299601554
46 0.570902988485992 0.5568553292751313
47 0.5707640779390931 0.6002872850894928
48 0.5673244979307055 0.632700249671936
49 0.5683633152991533 0.5460918455421925
50 0.5665914715379476 0.5544028531312942
51 0.5613091208785772 0.7240048238635063
52 0.5657513029277325 0.5460117385983467
53 0.5586818470880389 0.5842012493014336
54 0.5566587904021144 0.578686874806881
55 0.5561370060294867 0.5892173454761506
56 0.5595183701962233 0.5447115778326989
57 0.5568424434810877 0.6744407062530517
58 0.550810950987041 0.542754126727581
59 0.5529789892882109 0.5445760504603386
60 0.5518841053023934 0.567411550283432
61 0.5500462094396352 0.5354986104369164
62 0.5473208101540804 0.5367007074058056
63 0.5490697631761432 0.5319706893265247
64 0.5505953979641199 0.5338668954372406
65 0.5436058369278908 0.5275994553267955
66 0.5441084940508008 0.5277946340143681
67 0.5456963061615825 0.5369409876465797
68 0.5384390150532127 0.5388971832990647
69 0.5419944123700261 0.591706398665905
70 0.538830834031105 0.5318604688644409
71 0.5352125412002205 0.5371666046977043
72 0.5391473879888654 0.5276970436871051
73 0.5329105216190219 0.5771389827728272
74 0.5350539033487439 0.5235427031219005
75 0.5301706066206098 0.5270905933082104
76 0.5302523633092642 0.5205652540922165
77 0.5282705131322145 0.5234564867019653
78 0.5322588427513838 0.5978956008553505
79 0.5283602440133691 0.5159993406832218
80 0.5237783833444118 0.5610658501982689
81 0.5251895037516952 0.5458779025673867
82 0.5229200944826007 0.5534592390358448
83 0.5217659459039569 0.7817442588210106
84 0.5249927593097091 0.5961437160372735
85 0.5202205034941435 0.6034617634415627
86 0.5207248166501522 0.5236047500669956
87 0.5153907617107034 0.6562444061636925
88 0.5167263535633683 0.6106272052526474
89 0.5145985369309783 0.5390642551779747
90 0.5140606993585825 0.5088893327713012
91 0.5163002121597529 0.5232512677907943
92 0.5123958216756582 0.5220100677907467
93 0.5134678350687027 0.5552402670979499
94 0.5090591589957476 0.5290259689986706
95 0.5147590401470661 0.5116810425817967
96 0.5108955705463887 0.51789096352458
97 0.5062146223634482 0.5309766583442688
98 0.5086885487288236 0.5278877586424351
99 0.5062228944078088 0.5326717219650745
100 0.5067634678557515 0.499934990555048
101 0.47035318879038096 0.4921809920966625
102 0.46789210868626835 0.5204500187635421
103 0.46500894787162544 0.5312657864689827
104 0.4616949030160904 0.47571153128147126
105 0.44344065465033056 0.449468093931675
106 0.4197559724226594 0.434281082957983
107 0.4131552893444896 0.42846869122982023
108 0.40744643566012384 0.444309528440237
109 0.40379660471528767 0.4181629492640495
110 0.40063817843794824 0.42583576372265813
111 0.3981989028900862 0.41372507452964785
112 0.3942779893949628 0.4198117786347866
113 0.39306436697393654 0.41274193474650384
114 0.392556184604764 0.4110753633379936
115 0.38894729351252316 0.4076052605807781
116 0.38710987543314695 0.41720735493302347
117 0.38572465141862633 0.41549032473564146
118 0.3835680358186364 0.4094134911298752
119 0.3831910616159439 0.4651567332446575
120 0.38234850227832795 0.41774486339092254
121 0.3809560711607337 0.40608674016594887
122 0.37945508441329 0.4054493819475174
123 0.3785483387410641 0.4115875228941441
124 0.37782540422677996 0.4060004059076309
125 0.37606132799386977 0.39939151805639267
126 0.37628548346459867 0.4069144635796547
127 0.3733560726866126 0.3971072230637073
128 0.37414933859556915 0.39812739118933677
129 0.37375513729453086 0.4039170205593109
130 0.37287438061833383 0.4138366494476795
131 0.37324788461625574 0.4039471898674965
132 0.37227338247001174 0.40178737983107565
133 0.3685371050611138 0.39876752546429634
134 0.3698340489640832 0.39341831171512603
135 0.37121687806397674 0.40361106556653975
136 0.36793712111562493 0.4045255528092384
137 0.36795361649245023 0.3994281876981258
138 0.36669469210505484 0.3946714654266834
139 0.3659895246773958 0.394840101480484
140 0.3655684868618846 0.3957568793296814
141 0.3649986030384898 0.44894693848490713
142 0.3637155293524265 0.3981817433834076
143 0.3636190876811743 0.3969210951626301
144 0.36473760156333446 0.4146630783379078
145 0.362246378056705 0.3932131368219852
146 0.36210464756935834 0.39334461036324503
147 0.3612123017981648 0.4548786154985428
148 0.36134715551882984 0.40060811841487887
149 0.36105290638655424 0.4086216022372246
150 0.36057710377126934 0.39067457434535025
151 0.3596009400486946 0.3910720128417015
152 0.3576622466519475 0.3923979912996292
153 0.35729469580203294 0.47529376739263535
154 0.36098210610449316 0.3964159350991249
155 0.35705399510264396 0.40143600961565973
156 0.3567650787010789 0.39935915610194206
157 0.35628532388806344 0.3924994265437126
158 0.35684430692344904 0.39016613161563873
159 0.35502297946065664 0.3937197267711163
160 0.35539615504443645 0.39117056179046633
161 0.3545577063560486 0.3938690317571163
162 0.35421198676526544 0.3935823964178562
163 0.35451170590519904 0.389312146961689
164 0.35443654588609935 0.39680285412073135
165 0.35325907784700394 0.39812282663583753
166 0.35282719840854404 0.40926530173420905
167 0.3527717867270112 0.46034044605493546
168 0.3524939722493291 0.3974429441988468
169 0.352128044731915 0.3907544339001179
170 0.3516362612769008 0.3973925166726112
171 0.35120486495643854 0.39191900023818016
172 0.3496082130149007 0.39122076722979543
173 0.34937582528591155 0.3873756257891655
174 0.35043159511685373 0.3938080245554447
175 0.3484219387769699 0.40554294088482856
176 0.34866974944621326 0.3905317364931107
177 0.3510907980427146 0.38936306157708167
178 0.3474909131899476 0.388942067861557
179 0.3484661706164479 0.40712184619903563
180 0.3483591451346874 0.3937528263628483
181 0.3475789099857211 0.39878094545006754
182 0.3457234091386199 0.396825558334589
183 0.3455860269367695 0.39533389115333556
184 0.3491024957895279 0.40525778552889824
185 0.3458770563080907 0.3928701044023037
186 0.34594599030166867 0.3888603453934193
187 0.34588779424875976 0.3959959898889065
188 0.3450248947143555 0.38672758600115775
189 0.3461151765063405 0.3869913935661316
190 0.34649690497666596 0.38742334201931955
191 0.3444088032990694 0.38994818571209905
192 0.3449724020883441 0.39089803624153135
193 0.34339323638379576 0.38953504779934883
194 0.3424052174910903 0.386020428866148
195 0.34285712311416866 0.3991820840239525
196 0.34480330953747035 0.4055087520480156
197 0.34125364101678135 0.3882102782130241
198 0.34218809244781734 0.39485201677680015
199 0.3417611805945635 0.41127888539433477
200 0.3425987779200077 0.3947455013692379
201 0.31840903566032647 0.3791948039531708
202 0.3177319881245494 0.38375757437944413
203 0.31579806115478276 0.3808117826282978
204 0.3161536118090153 0.37794338950514794
205 0.31532834977656604 0.3796677708029747
206 0.3152705028727651 0.3762401296794414
207 0.31535584773868325 0.38228932809829713
208 0.3140699889436364 0.37845820337533953
209 0.31415544530004264 0.3796937728822231
210 0.3130510282367468 0.3832723863124847
211 0.31350878444314 0.37860392478108407
212 0.31250607848912476 0.38281385245919225
213 0.31264725564420226 0.38995716682076453
214 0.31281738916784524 0.3808389358222485
215 0.3127350360006094 0.3825705519616604
216 0.3116823569685221 0.38224150547385216
217 0.3116476971581578 0.3779742801785469
218 0.3109310373663902 0.3787810012102127
219 0.3117741406485438 0.3824592194855213
220 0.3108276794701815 0.3788970420062542
221 0.3106282096579671 0.3788738418221474
222 0.30964368499815464 0.3798140729665756
223 0.3103477390035987 0.38256694495677945
224 0.3102727088481188 0.38019031709432605
225 0.31019850544631483 0.38460277137160304
226 0.3093422133550048 0.38066848829388616
227 0.30969211622327564 0.40537015119194986
228 0.30920197093486784 0.3799206309020519
229 0.30947193466871975 0.382319509267807
230 0.3084587171524763 0.389789811372757
231 0.3087293863072991 0.3834698772728443
232 0.30865690927952527 0.383093056589365
233 0.30778149831295015 0.38087649846076965
234 0.30817697728425264 0.38092244216799737
235 0.30812063229829073 0.3814911829531193
236 0.3070175024420023 0.38198146399855615
237 0.3073973888158798 0.38268724459409714
238 0.3077083023265004 0.38330012080073356
239 0.3068717539682984 0.3804827545285225
240 0.3071662193462253 0.3892588469982147
241 0.3062350533530116 0.3829746583104134
242 0.306618882983923 0.3798161123096943
243 0.30653680007904766 0.39275018805265427
244 0.30630874950438736 0.37869893538951876
245 0.3063636460900307 0.3855374500155449
246 0.30556495909392833 0.3863138090968132
247 0.30580445657670496 0.38195793187618254
248 0.30469391590356826 0.38601959335803987
249 0.30546108379215003 0.38009511050581934
250 0.30526159528642893 0.3805518246889114
251 0.30536448941379785 0.3859711280167103
252 0.30472757417708635 0.38089311742782594
253 0.30347847066819666 0.38171848565340044
254 0.304727415420115 0.3816221921145916
255 0.30493601188063624 0.38268558114767076
256 0.3042579874023795 0.3813961620330811
257 0.30464826703071596 0.380564477622509
258 0.3034897243753076 0.381838628411293
259 0.3036369961053133 0.38344468814134597
260 0.30357233936339617 0.38266451573371885
261 0.3042939456477761 0.3847980579435825
262 0.3037525998279452 0.38329630318284036
263 0.3034004110246897 0.3825291884541512
264 0.30313525868207214 0.38200231185555455
265 0.3022872840240598 0.3791151241660118
266 0.3033829639479518 0.3809941951334476
267 0.3027096486240625 0.3881665839254856
268 0.3032134599611163 0.3832221408188343
269 0.30226224245876077 0.386623386234045
270 0.30272284161672 0.38137384808063507
271 0.3022582474797964 0.3812572969198227
272 0.30197268598526716 0.3836922982931137
273 0.30155573765933513 0.3957721039056778
274 0.3022492207065225 0.38889134272933007
275 0.3015249547958374 0.38229170045256616
276 0.30167695988714693 0.38415906369686126
277 0.3017991913110018 0.3843561908304691
278 0.30129560101777314 0.3814162248075008
279 0.30137204818427565 0.38398514142632484
280 0.3016103541590273 0.3809697510302067
281 0.30173522923886775 0.3819218132197857
282 0.3006765378937125 0.38190372547507284
283 0.30091463192552326 0.3843283053636551
284 0.29990585911273954 0.3795876411795616
285 0.30060329231619837 0.3832088358402252
286 0.3006214680969715 0.3863825645148754
287 0.3002844574637711 0.3823484660387039
288 0.30032206631451847 0.3834047360420227
289 0.30059343422204254 0.38380885380506513
290 0.29994085428863765 0.3854882146418095
291 0.2998008688762784 0.39002331176400185
292 0.29911871371418236 0.3819856255054474
293 0.29982895277440547 0.4020982131958008
294 0.29880752397328614 0.38181317928433417
295 0.29953285931050777 0.3826140094995499
296 0.2988047474399209 0.42912836799025533
297 0.29848526990786195 0.396938041806221
298 0.29936749215424063 0.41126825162768366
299 0.29804393512755634 0.3831328460872173
300 0.29871902845799925 0.3864650352299213
301 0.28588092543557286 0.3796247856616974
302 0.28494640727713705 0.3810828460454941
303 0.2843071925826371 0.3789273299574852
304 0.28373615630716087 0.38105233463644983
305 0.28391228103637695 0.3799829882979393
306 0.2835938378497958 0.384003547847271
307 0.283495494261384 0.37942580729722974
308 0.2831687958613038 0.3786036618053913
309 0.283149548266083 0.3813018111586571
310 0.2832138580679894 0.3814059846997261
311 0.2826981895044446 0.3838730773329735
312 0.2827533981576562 0.3831566204428673
313 0.28261642847955226 0.3822300966382027
314 0.28229500294849275 0.38138727653026583
315 0.2823402628302574 0.38033101525902746
316 0.28224286150187256 0.38970501425862314
317 0.2821795856170356 0.38153895434737206
318 0.28197430749610064 0.3848163806796074
319 0.28207957561314106 0.3834509098827839
320 0.28196912243962285 0.3822906468510628
321 0.28165391928702593 0.38206325262784957
322 0.2817669689282775 0.38350008442997935
323 0.2815144174546003 0.3824885849952698
324 0.28157609650865195 0.38308832624554634
325 0.28106204583495853 0.38670302122831346
326 0.2811094155535102 0.3878120923638344
327 0.28121402271837 0.3830935459733009
328 0.2811429128870368 0.38264719304442407
329 0.28074814803525805 0.38455063724517824
330 0.2809725378639996 0.3824281085729599
331 0.2806059748604894 0.3850183551609516
332 0.28049123391509057 0.3859313757121563
333 0.28101265639811757 0.38174104487895966
334 0.2809937164485455 0.3826350093185902
335 0.2803276398777962 0.38230941846966743
336 0.2801890812292695 0.3843519535660744
337 0.28027787049859765 0.38678957828879357
338 0.2800762742310762 0.39924400582909586
339 0.2800111773535609 0.38549932071566584
340 0.2798532976806164 0.3830554717481136
341 0.27996393951401116 0.3845991996526718
342 0.2800488020665944 0.3915901798605919
343 0.27959216295927763 0.3847900953888893
344 0.28011227057129146 0.38542022904753687
345 0.2798436606526375 0.3840316302478313
346 0.2797925643995404 0.3864807874560356
347 0.2794371897093952 0.3861252611875534
348 0.27919638402014973 0.3842272577285767
349 0.2792171338759363 0.38398796916007993
350 0.2795802025087178 0.3840450580716133
351 0.27953739715367554 0.3848890298604965
352 0.27928397311270237 0.3833013975024223
353 0.27899658876657485 0.3853386466503143
354 0.2787545577697456 0.3847470496892929
355 0.27909327233955267 0.38391139295697213
356 0.278999673448503 0.3844973914027214
357 0.27870202968642116 0.38491140645742417
358 0.27891173579543826 0.39280155977606773
359 0.27870593044906855 0.3847939334511757
360 0.27875187899917364 0.38637391579151154
361 0.27849201722070577 0.38350830018520354
362 0.27852324256673455 0.3844285158514977
363 0.2782739836424589 0.38631570419669153
364 0.2784298347570002 0.38666853910684584
365 0.2780931914970279 0.39655452692508697
366 0.27826452906429766 0.388833952665329
367 0.27817219752818345 0.3906107412278652
368 0.27811453107744455 0.3870185588598251
369 0.2778444211781025 0.38846728760004046
370 0.2776715413145721 0.3844346888959408
371 0.27794704522192476 0.3906292854845524
372 0.27750381661206486 0.38689959463477136
373 0.27772883151844147 0.38568406862020493
374 0.2777656526491046 0.3856122125387192
375 0.27792410937696693 0.38616174110770224
376 0.27791726076602935 0.3891456838846207
377 0.27743708617612717 0.38704091346263886
378 0.2776482638455927 0.3853345230519772
379 0.27710380040481686 0.3847769874036312
380 0.27755567118152974 0.3900860925912857
381 0.2770889704301953 0.3896472911834717
382 0.27728312541544436 0.38738263806700707
383 0.2770813511274755 0.3892331402003765
384 0.27734591472148895 0.3857367103099823
385 0.27660686275362967 0.3903162930905819
386 0.2769808653630316 0.38587543269991875
387 0.2766740968041122 0.38677299827337264
388 0.27690264355391264 0.3884912697672844
389 0.2764289539679885 0.3856850818693638
390 0.27677807187289 0.38687125864624977
391 0.2763879793174565 0.38911272007226944
392 0.27645075342804193 0.3861709378659725
393 0.27658084931597116 0.38720965120196343
394 0.27669759298861024 0.3906898961365223
395 0.2764848145768046 0.3899269350469112
396 0.2762595719620585 0.38675654426217076
397 0.2764962456971407 0.387996896058321
398 0.2761598574668169 0.38859595835208893
399 0.27625211836397645 0.3870152972638607
400 0.27646532137319446 0.3875729463398457
401 0.26923111721500753 0.38636441859602927
402 0.26865679656714203 0.38618507838249205
403 0.2685295581668615 0.38715303495526315
404 0.2683081741668284 0.3876514569222927
405 0.26811604540422557 0.38644567894935605
406 0.2683251251019537 0.38682326331734657
407 0.26799221528694034 0.38914536145329476
408 0.2680561765618622 0.38727598628401755
409 0.2680234124623239 0.3888060445189476
410 0.2679348965920508 0.38654682964086534
411 0.26790946815162897 0.3874384078383446
412 0.2678656303845346 0.3883955703377724
413 0.26766922007873656 0.38741575545072554
414 0.26769025196880103 0.3868285812139511
415 0.2676295923218131 0.3879445739984512
416 0.26741480638086795 0.38887400084733964
417 0.2676185451485217 0.3880666485130787
418 0.26747545053437355 0.38855447161197665
419 0.26741003613173964 0.3880641346871853
420 0.26746355448663234 0.3939080475270748
421 0.26722462118044493 0.3873433436155319
422 0.26730565770715475 0.3898623306751251
423 0.26724106304347517 0.38935840779542924
424 0.2672937626987696 0.3954369434714317
425 0.2672066302746534 0.390987318277359
426 0.26708848790451883 0.38936756148934365
427 0.2671285736709833 0.38788450661301616
428 0.2671113040857017 0.3879282523095608
429 0.2668429355956614 0.38898322892189025
430 0.26690569453313945 0.3895403072834015
431 0.26692044519633057 0.38873783442378046
432 0.2669600848890841 0.38942543098330495
433 0.26659966558218 0.3907246043384075
434 0.26674469938874246 0.38987240970134734
435 0.26670858897268773 0.3889083163142204
436 0.266721629448235 0.38864355409145357
437 0.26662676717713474 0.3891166275143623
438 0.26658503637462855 0.3973160077929497
439 0.26662850408628586 0.39153047838807103
440 0.2668792592808604 0.39291858732700347
441 0.26652621743083 0.39296895027160644
442 0.26646163980290294 0.3909762672185898
443 0.26643516617640856 0.39338262262940404
444 0.26624938660487535 0.39016389834880827
445 0.26620305351912976 0.38927050411701203
446 0.2664165694490075 0.39000947219133375
447 0.2664098193570971 0.3889774784147739
448 0.26626656102016566 0.3896424154639244
449 0.2663238310366869 0.39006995531916616
450 0.2663099760860205 0.3904135993719101
451 0.2662783877030015 0.3902461304068565
452 0.26601673086360095 0.3927281225025654
453 0.2660494094826281 0.3899559363126755
454 0.2659700462073088 0.39068508172035216
455 0.2659078438766301 0.39221136495471
456 0.2659353118315339 0.3903729152679443
457 0.265671031806618 0.39035766339302064
458 0.2658907006941736 0.39207016536593436
459 0.265659600995481 0.3909638429284096
460 0.26577824959158897 0.3940059721171856
461 0.26602315026894213 0.3905641640722752
462 0.2657120695449412 0.3921604271233082
463 0.26579092762619255 0.3913534478843212
464 0.2657107371613383 0.3908698356151581
465 0.2658211174197495 0.39102271214127543
466 0.26552135868370536 0.3918337506055832
467 0.26554916175827387 0.3924327473342419
468 0.26550459063053133 0.39148598232865334
469 0.2654173568598926 0.3926339870393276
470 0.2653490710742772 0.39206601691246035
471 0.2655294062793255 0.3917522264420986
472 0.2655592674128711 0.3917415269613266
473 0.2654607155248523 0.394125022828579
474 0.2654269550815225 0.3924826118648052
475 0.2652907675988972 0.3912308947145939
476 0.2651546070016921 0.3911070617437363
477 0.26523039911314844 0.39299297335743905
478 0.26521918560937047 0.39474936202168465
479 0.26512749533355234 0.39316895553469655
480 0.26518987865000965 0.39177185705304146
481 0.2650129180699587 0.39228531619906426
482 0.2651158656030893 0.3915931934416294
483 0.26494410855695605 0.39479512071609496
484 0.265015277184546 0.3921776331961155
485 0.26489420055598023 0.39267967161536216
486 0.2647621209435165 0.3954945871829987
487 0.2648311817869544 0.39304207214713094
488 0.2649003467708826 0.3910688546299934
489 0.2649370220117271 0.39316408535838127
490 0.2646484176144004 0.3918269392549992
491 0.2649226664789021 0.3925800254046917
492 0.2646729330793023 0.3917805666029453
493 0.26470968802273276 0.3919584337770939
494 0.2647181195318699 0.39220546567440034
495 0.26463948921114205 0.39283666157722474
496 0.2646683353818953 0.39462871372699737
497 0.264727738071233 0.3930231011211872
498 0.2644507106170058 0.39517573723196986
499 0.2646508924625814 0.39395773100852965
500 0.26441805898398163 0.39177304416894915
